<?xml version="1.0" encoding="UTF-8"?>
<testsuite name="model.CalculadoraTest" tests="1" skipped="0" failures="0" errors="0" timestamp="2021-03-25T02:01:05" hostname="ws-08904fad-0aeb-4497-948c-749b61942a92" time="0.007">
  <properties/>
  <testcase name="testeFatorial()" classname="model.CalculadoraTest" time="0.007"/>
  <system-out><![CDATA[]]></system-out>
  <system-err><![CDATA[]]></system-err>
</testsuite>
